# JRE version: OpenJDK Runtime Environment (11.0.11+9) (build 11.0.11+9-b60-7590822)
# Java VM: OpenJDK 64-Bit Server VM (11.0.11+9-b60-7590822, mixed mode, tiered, compressed oops, g1 gc, windows-amd64)
Heap:
 garbage-first heap   total 367616K, used 103745K [0x0000000080000000, 0x0000000100000000)
  region size 1024K, 2 young (2048K), 2 survivors (2048K)
 Metaspace       used 126994K, capacity 130673K, committed 130940K, reserved 1163264K
  class space    used 15695K, capacity 17086K, committed 17152K, reserved 1048576K
GC Heap History (20 events):
Event: 8758.425 GC heap after
{Heap after GC invocations=224 (full 0):
 garbage-first heap   total 306176K, used 105106K [0x0000000080000000, 0x0000000100000000)
  region size 1024K, 2 young (2048K), 2 survivors (2048K)
 Metaspace       used 126850K, capacity 130395K, committed 130684K, reserved 1163264K
  class space    used 15693K, capacity 17084K, committed 17152K, reserved 1048576K
}
Event: 8764.571 GC heap before
{Heap before GC invocations=225 (full 0):
 garbage-first heap   total 306176K, used 114322K [0x0000000080000000, 0x0000000100000000)
  region size 1024K, 14 young (14336K), 2 survivors (2048K)
 Metaspace       used 126876K, capacity 130460K, committed 130684K, reserved 1163264K
  class space    used 15693K, capacity 17084K, committed 17152K, reserved 1048576K
}
Event: 8764.594 GC heap after
{Heap after GC invocations=226 (full 0):
 garbage-first heap   total 306176K, used 104168K [0x0000000080000000, 0x0000000100000000)
  region size 1024K, 2 young (2048K), 2 survivors (2048K)
 Metaspace       used 126876K, capacity 130460K, committed 130684K, reserved 1163264K
  class space    used 15693K, capacity 17084K, committed 17152K, reserved 1048576K
}
Event: 8765.867 GC heap before
{Heap before GC invocations=226 (full 0):
 garbage-first heap   total 306176K, used 115432K [0x0000000080000000, 0x0000000100000000)
  region size 1024K, 14 young (14336K), 2 survivors (2048K)
 Metaspace       used 126893K, capacity 130467K, committed 130684K, reserved 1163264K
  class space    used 15694K, capacity 17085K, committed 17152K, reserved 1048576K
}
Event: 8765.898 GC heap after
{Heap after GC invocations=227 (full 0):
 garbage-first heap   total 306176K, used 97441K [0x0000000080000000, 0x0000000100000000)
  region size 1024K, 2 young (2048K), 2 survivors (2048K)
 Metaspace       used 126893K, capacity 130467K, committed 130684K, reserved 1163264K
  class space    used 15694K, capacity 17085K, committed 17152K, reserved 1048576K
}
Event: 8768.924 GC heap before
{Heap before GC invocations=227 (full 0):
 garbage-first heap   total 306176K, used 110753K [0x0000000080000000, 0x0000000100000000)
  region size 1024K, 14 young (14336K), 2 survivors (2048K)
 Metaspace       used 126907K, capacity 130532K, committed 130684K, reserved 1163264K
  class space    used 15694K, capacity 17085K, committed 17152K, reserved 1048576K
}
Event: 8768.967 GC heap after
{Heap after GC invocations=228 (full 0):
 garbage-first heap   total 306176K, used 97876K [0x0000000080000000, 0x0000000100000000)
  region size 1024K, 2 young (2048K), 2 survivors (2048K)
 Metaspace       used 126907K, capacity 130532K, committed 130684K, reserved 1163264K
  class space    used 15694K, capacity 17085K, committed 17152K, reserved 1048576K
}
Event: 8770.389 GC heap before
{Heap before GC invocations=228 (full 0):
 garbage-first heap   total 306176K, used 110164K [0x0000000080000000, 0x0000000100000000)
  region size 1024K, 14 young (14336K), 2 survivors (2048K)
 Metaspace       used 126907K, capacity 130532K, committed 130684K, reserved 1163264K
  class space    used 15694K, capacity 17085K, committed 17152K, reserved 1048576K
}
Event: 8770.466 GC heap after
{Heap after GC invocations=229 (full 0):
 garbage-first heap   total 306176K, used 101784K [0x0000000080000000, 0x0000000100000000)
  region size 1024K, 2 young (2048K), 2 survivors (2048K)
 Metaspace       used 126907K, capacity 130532K, committed 130684K, reserved 1163264K
  class space    used 15694K, capacity 17085K, committed 17152K, reserved 1048576K
}
Event: 8771.412 GC heap before
{Heap before GC invocations=230 (full 0):
 garbage-first heap   total 306176K, used 115096K [0x0000000080000000, 0x0000000100000000)
  region size 1024K, 15 young (15360K), 2 survivors (2048K)
 Metaspace       used 126929K, capacity 130598K, committed 130684K, reserved 1163264K
  class space    used 15694K, capacity 17085K, committed 17152K, reserved 1048576K
}
Event: 8771.438 GC heap after
{Heap after GC invocations=231 (full 0):
 garbage-first heap   total 306176K, used 103863K [0x0000000080000000, 0x0000000100000000)
  region size 1024K, 2 young (2048K), 2 survivors (2048K)
 Metaspace       used 126929K, capacity 130598K, committed 130684K, reserved 1163264K
  class space    used 15694K, capacity 17085K, committed 17152K, reserved 1048576K
}
Event: 8771.912 GC heap before
{Heap before GC invocations=231 (full 0):
 garbage-first heap   total 306176K, used 117175K [0x0000000080000000, 0x0000000100000000)
  region size 1024K, 14 young (14336K), 2 survivors (2048K)
 Metaspace       used 126936K, capacity 130598K, committed 130684K, reserved 1163264K
  class space    used 15694K, capacity 17085K, committed 17152K, reserved 1048576K
}
Event: 8771.933 GC heap after
{Heap after GC invocations=232 (full 0):
 garbage-first heap   total 306176K, used 104333K [0x0000000080000000, 0x0000000100000000)
  region size 1024K, 2 young (2048K), 2 survivors (2048K)
 Metaspace       used 126936K, capacity 130598K, committed 130684K, reserved 1163264K
  class space    used 15694K, capacity 17085K, committed 17152K, reserved 1048576K
}
Event: 8772.745 GC heap before
{Heap before GC invocations=232 (full 0):
 garbage-first heap   total 306176K, used 129933K [0x0000000080000000, 0x0000000100000000)
  region size 1024K, 27 young (27648K), 2 survivors (2048K)
 Metaspace       used 126950K, capacity 130599K, committed 130684K, reserved 1163264K
  class space    used 15694K, capacity 17085K, committed 17152K, reserved 1048576K
}
Event: 8772.824 GC heap after
{Heap after GC invocations=233 (full 0):
 garbage-first heap   total 306176K, used 110977K [0x0000000080000000, 0x0000000100000000)
  region size 1024K, 4 young (4096K), 4 survivors (4096K)
 Metaspace       used 126950K, capacity 130599K, committed 130684K, reserved 1163264K
  class space    used 15694K, capacity 17085K, committed 17152K, reserved 1048576K
}
Event: 8774.377 GC heap before
{Heap before GC invocations=234 (full 0):
 garbage-first heap   total 306176K, used 141697K [0x0000000080000000, 0x0000000100000000)
  region size 1024K, 35 young (35840K), 4 survivors (4096K)
 Metaspace       used 126983K, capacity 130665K, committed 130940K, reserved 1163264K
  class space    used 15694K, capacity 17085K, committed 17152K, reserved 1048576K
}
Event: 8774.408 GC heap after
{Heap after GC invocations=235 (full 0):
 garbage-first heap   total 306176K, used 112107K [0x0000000080000000, 0x0000000100000000)
  region size 1024K, 2 young (2048K), 2 survivors (2048K)
 Metaspace       used 126983K, capacity 130665K, committed 130940K, reserved 1163264K
  class space    used 15694K, capacity 17085K, committed 17152K, reserved 1048576K
}
Event: 8774.754 GC heap before
{Heap before GC invocations=235 (full 0):
 garbage-first heap   total 306176K, used 123371K [0x0000000080000000, 0x0000000100000000)
  region size 1024K, 14 young (14336K), 2 survivors (2048K)
 Metaspace       used 126988K, capacity 130667K, committed 130940K, reserved 1163264K
  class space    used 15694K, capacity 17085K, committed 17152K, reserved 1048576K
}
Event: 8774.772 GC heap after
{Heap after GC invocations=236 (full 0):
 garbage-first heap   total 306176K, used 102319K [0x0000000080000000, 0x0000000100000000)
  region size 1024K, 1 young (1024K), 1 survivors (1024K)
 Metaspace       used 126988K, capacity 130667K, committed 130940K, reserved 1163264K
  class space    used 15694K, capacity 17085K, committed 17152K, reserved 1048576K
}
Event: 8775.189 GC heap before
{Heap before GC invocations=236 (full 0):
 garbage-first heap   total 306176K, used 107439K [0x0000000080000000, 0x0000000100000000)
  region size 1024K, 8 young (8192K), 1 survivors (1024K)
 Metaspace       used 126994K, capacity 130673K, committed 130940K, reserved 1163264K
  class space    used 15695K, capacity 17086K, committed 17152K, reserved 1048576K
}

